[2025-10-27T15:43:13.955+0000] {local_task_job_runner.py:120} INFO - ::group::Pre task execution logs
[2025-10-27T15:43:13.974+0000] {taskinstance.py:2076} INFO - Dependencies all met for dep_context=non-requeueable deps ti=<TaskInstance: mysql_to_postgres_etl.run_data_quality_checks manual__2025-10-27T15:42:59.687694+00:00 [queued]>
[2025-10-27T15:43:13.981+0000] {taskinstance.py:2076} INFO - Dependencies all met for dep_context=requeueable deps ti=<TaskInstance: mysql_to_postgres_etl.run_data_quality_checks manual__2025-10-27T15:42:59.687694+00:00 [queued]>
[2025-10-27T15:43:13.981+0000] {taskinstance.py:2306} INFO - Starting attempt 1 of 2
[2025-10-27T15:43:13.993+0000] {taskinstance.py:2330} INFO - Executing <Task(PythonOperator): run_data_quality_checks> on 2025-10-27 15:42:59.687694+00:00
[2025-10-27T15:43:13.999+0000] {warnings.py:112} WARNING - /home/***/.local/lib/python3.12/site-packages/***/task/task_runner/standard_task_runner.py:62: DeprecationWarning: This process (pid=720) is multi-threaded, use of fork() may lead to deadlocks in the child.
  pid = os.fork()

[2025-10-27T15:43:14.000+0000] {standard_task_runner.py:64} INFO - Started process 722 to run task
[2025-10-27T15:43:14.001+0000] {standard_task_runner.py:90} INFO - Running: ['***', 'tasks', 'run', 'mysql_to_postgres_etl', 'run_data_quality_checks', 'manual__2025-10-27T15:42:59.687694+00:00', '--job-id', '68', '--raw', '--subdir', 'DAGS_FOLDER/mysql_to_postgres_etl.py', '--cfg-path', '/tmp/tmpkwdhn4pv']
[2025-10-27T15:43:14.002+0000] {standard_task_runner.py:91} INFO - Job 68: Subtask run_data_quality_checks
[2025-10-27T15:43:14.039+0000] {task_command.py:426} INFO - Running <TaskInstance: mysql_to_postgres_etl.run_data_quality_checks manual__2025-10-27T15:42:59.687694+00:00 [running]> on host a0076f556b70
[2025-10-27T15:43:14.116+0000] {taskinstance.py:2648} INFO - Exporting env vars: AIRFLOW_CTX_DAG_OWNER='***' AIRFLOW_CTX_DAG_ID='mysql_to_postgres_etl' AIRFLOW_CTX_TASK_ID='run_data_quality_checks' AIRFLOW_CTX_EXECUTION_DATE='2025-10-27T15:42:59.687694+00:00' AIRFLOW_CTX_TRY_NUMBER='1' AIRFLOW_CTX_DAG_RUN_ID='manual__2025-10-27T15:42:59.687694+00:00'
[2025-10-27T15:43:14.118+0000] {taskinstance.py:430} INFO - ::endgroup::
[2025-10-27T15:43:14.126+0000] {base.py:84} INFO - Using connection ID '***_con' for task execution.
[2025-10-27T15:43:14.134+0000] {sql.py:495} INFO - Running statement: SELECT COUNT(*) FROM transactions, parameters: None
[2025-10-27T15:43:14.144+0000] {sql.py:504} INFO - Rows affected: 1
[2025-10-27T15:43:14.151+0000] {base.py:84} INFO - Using connection ID 'postgres_con' for task execution.
[2025-10-27T15:43:14.154+0000] {sql.py:495} INFO - Running statement: SELECT COUNT(*) FROM shipping_fact, parameters: None
[2025-10-27T15:43:14.160+0000] {sql.py:504} INFO - Rows affected: 1
[2025-10-27T15:43:14.160+0000] {mysql_to_postgres_etl.py:227} WARNING - Record count mismatch: MySQL=100000, PostgreSQL=52227
[2025-10-27T15:43:14.166+0000] {base.py:84} INFO - Using connection ID 'postgres_con' for task execution.
[2025-10-27T15:43:14.169+0000] {sql.py:495} INFO - Running statement: 
        SELECT COUNT(*) 
        FROM shipping_fact 
        WHERE receipt_id IS NULL 
        OR customer_id IS NULL 
        OR last_status IS NULL
    , parameters: None
[2025-10-27T15:43:14.170+0000] {sql.py:504} INFO - Rows affected: 1
[2025-10-27T15:43:14.175+0000] {base.py:84} INFO - Using connection ID 'postgres_con' for task execution.
[2025-10-27T15:43:14.178+0000] {sql.py:495} INFO - Running statement: 
        SELECT COUNT(*) 
        FROM shipping_fact 
        WHERE last_status = 'done' 
        AND deleted_at IS NULL
    , parameters: None
[2025-10-27T15:43:14.183+0000] {sql.py:504} INFO - Rows affected: 1
[2025-10-27T15:43:14.184+0000] {mysql_to_postgres_etl.py:252} INFO - Data quality checks completed!
[2025-10-27T15:43:14.184+0000] {python.py:237} INFO - Done. Returned value was: None
[2025-10-27T15:43:14.184+0000] {taskinstance.py:441} INFO - ::group::Post task execution logs
[2025-10-27T15:43:14.192+0000] {taskinstance.py:1206} INFO - Marking task as SUCCESS. dag_id=mysql_to_postgres_etl, task_id=run_data_quality_checks, run_id=manual__2025-10-27T15:42:59.687694+00:00, execution_date=20251027T154259, start_date=20251027T154313, end_date=20251027T154314
[2025-10-27T15:43:14.221+0000] {local_task_job_runner.py:243} INFO - Task exited with return code 0
[2025-10-27T15:43:14.235+0000] {taskinstance.py:3503} INFO - 0 downstream tasks scheduled from follow-on schedule check
[2025-10-27T15:43:14.237+0000] {local_task_job_runner.py:222} INFO - ::endgroup::
