[2025-10-27T17:47:02.300+0000] {local_task_job_runner.py:120} INFO - ::group::Pre task execution logs
[2025-10-27T17:47:02.315+0000] {taskinstance.py:2076} INFO - Dependencies all met for dep_context=non-requeueable deps ti=<TaskInstance: mysql_to_postgres_etl.create_target_table scheduled__2025-10-27T16:00:00+00:00 [queued]>
[2025-10-27T17:47:02.321+0000] {taskinstance.py:2076} INFO - Dependencies all met for dep_context=requeueable deps ti=<TaskInstance: mysql_to_postgres_etl.create_target_table scheduled__2025-10-27T16:00:00+00:00 [queued]>
[2025-10-27T17:47:02.321+0000] {taskinstance.py:2306} INFO - Starting attempt 1 of 2
[2025-10-27T17:47:02.330+0000] {taskinstance.py:2330} INFO - Executing <Task(PythonOperator): create_target_table> on 2025-10-27 16:00:00+00:00
[2025-10-27T17:47:02.335+0000] {warnings.py:112} WARNING - /home/***/.local/lib/python3.12/site-packages/***/task/task_runner/standard_task_runner.py:62: DeprecationWarning: This process (pid=63) is multi-threaded, use of fork() may lead to deadlocks in the child.
  pid = os.fork()

[2025-10-27T17:47:02.336+0000] {standard_task_runner.py:64} INFO - Started process 65 to run task
[2025-10-27T17:47:02.337+0000] {standard_task_runner.py:90} INFO - Running: ['***', 'tasks', 'run', 'mysql_to_postgres_etl', 'create_target_table', 'scheduled__2025-10-27T16:00:00+00:00', '--job-id', '90', '--raw', '--subdir', 'DAGS_FOLDER/mysql_to_postgres_etl.py', '--cfg-path', '/tmp/tmp2_p5ovru']
[2025-10-27T17:47:02.338+0000] {standard_task_runner.py:91} INFO - Job 90: Subtask create_target_table
[2025-10-27T17:47:02.485+0000] {task_command.py:426} INFO - Running <TaskInstance: mysql_to_postgres_etl.create_target_table scheduled__2025-10-27T16:00:00+00:00 [running]> on host a0076f556b70
[2025-10-27T17:47:02.553+0000] {taskinstance.py:2648} INFO - Exporting env vars: AIRFLOW_CTX_DAG_OWNER='***' AIRFLOW_CTX_DAG_ID='mysql_to_postgres_etl' AIRFLOW_CTX_TASK_ID='create_target_table' AIRFLOW_CTX_EXECUTION_DATE='2025-10-27T16:00:00+00:00' AIRFLOW_CTX_TRY_NUMBER='1' AIRFLOW_CTX_DAG_RUN_ID='scheduled__2025-10-27T16:00:00+00:00'
[2025-10-27T17:47:02.554+0000] {taskinstance.py:430} INFO - ::endgroup::
[2025-10-27T17:47:02.561+0000] {base.py:84} INFO - Using connection ID 'postgres_con' for task execution.
[2025-10-27T17:47:02.563+0000] {sql.py:495} INFO - Running statement: 
    SELECT EXISTS (
        SELECT FROM information_schema.tables 
        WHERE table_schema = 'public' 
        AND table_name = 'shipping_fact'
    );
    , parameters: None
[2025-10-27T17:47:02.567+0000] {sql.py:504} INFO - Rows affected: 1
[2025-10-27T17:47:02.568+0000] {mysql_to_postgres_etl.py:75} INFO - Target table already exists, skipping creation.
[2025-10-27T17:47:02.568+0000] {python.py:237} INFO - Done. Returned value was: None
[2025-10-27T17:47:02.568+0000] {taskinstance.py:441} INFO - ::group::Post task execution logs
[2025-10-27T17:47:02.574+0000] {taskinstance.py:1206} INFO - Marking task as SUCCESS. dag_id=mysql_to_postgres_etl, task_id=create_target_table, run_id=scheduled__2025-10-27T16:00:00+00:00, execution_date=20251027T160000, start_date=20251027T174702, end_date=20251027T174702
[2025-10-27T17:47:02.603+0000] {local_task_job_runner.py:243} INFO - Task exited with return code 0
[2025-10-27T17:47:02.622+0000] {taskinstance.py:3503} INFO - 0 downstream tasks scheduled from follow-on schedule check
[2025-10-27T17:47:02.624+0000] {local_task_job_runner.py:222} INFO - ::endgroup::
