[2025-10-27T15:51:07.538+0000] {local_task_job_runner.py:120} INFO - ::group::Pre task execution logs
[2025-10-27T15:51:07.557+0000] {taskinstance.py:2076} INFO - Dependencies all met for dep_context=non-requeueable deps ti=<TaskInstance: print_ds_next_ds.print_ds_next_ds manual__2025-10-27T15:51:05.532314+00:00 [queued]>
[2025-10-27T15:51:07.564+0000] {taskinstance.py:2076} INFO - Dependencies all met for dep_context=requeueable deps ti=<TaskInstance: print_ds_next_ds.print_ds_next_ds manual__2025-10-27T15:51:05.532314+00:00 [queued]>
[2025-10-27T15:51:07.564+0000] {taskinstance.py:2306} INFO - Starting attempt 1 of 2
[2025-10-27T15:51:07.576+0000] {taskinstance.py:2330} INFO - Executing <Task(BashOperator): print_ds_next_ds> on 2025-10-27 15:51:05.532314+00:00
[2025-10-27T15:51:07.583+0000] {warnings.py:112} WARNING - /home/***/.local/lib/python3.12/site-packages/***/task/task_runner/standard_task_runner.py:62: DeprecationWarning: This process (pid=867) is multi-threaded, use of fork() may lead to deadlocks in the child.
  pid = os.fork()

[2025-10-27T15:51:07.584+0000] {standard_task_runner.py:64} INFO - Started process 873 to run task
[2025-10-27T15:51:07.584+0000] {standard_task_runner.py:90} INFO - Running: ['***', 'tasks', 'run', 'print_ds_next_ds', 'print_ds_next_ds', 'manual__2025-10-27T15:51:05.532314+00:00', '--job-id', '76', '--raw', '--subdir', 'DAGS_FOLDER/tes.py', '--cfg-path', '/tmp/tmpnwbftzpb']
[2025-10-27T15:51:07.587+0000] {standard_task_runner.py:91} INFO - Job 76: Subtask print_ds_next_ds
[2025-10-27T15:51:07.626+0000] {task_command.py:426} INFO - Running <TaskInstance: print_ds_next_ds.print_ds_next_ds manual__2025-10-27T15:51:05.532314+00:00 [running]> on host a0076f556b70
[2025-10-27T15:51:07.666+0000] {warnings.py:112} WARNING - /home/***/.local/lib/python3.12/site-packages/***/utils/context.py:212: AirflowContextDeprecationWarning: Accessing 'next_ds' from the template is deprecated and will be removed in a future version. Please use '{{ data_interval_end | ds }}' instead.
  warnings.warn(_create_deprecation_warning(key, self._deprecation_replacements[key]))

[2025-10-27T15:51:07.694+0000] {taskinstance.py:2648} INFO - Exporting env vars: AIRFLOW_CTX_DAG_OWNER='***' AIRFLOW_CTX_DAG_ID='print_ds_next_ds' AIRFLOW_CTX_TASK_ID='print_ds_next_ds' AIRFLOW_CTX_EXECUTION_DATE='2025-10-27T15:51:05.532314+00:00' AIRFLOW_CTX_TRY_NUMBER='1' AIRFLOW_CTX_DAG_RUN_ID='manual__2025-10-27T15:51:05.532314+00:00'
[2025-10-27T15:51:07.696+0000] {taskinstance.py:430} INFO - ::endgroup::
[2025-10-27T15:51:07.697+0000] {subprocess.py:63} INFO - Tmp dir root location: /tmp
[2025-10-27T15:51:07.698+0000] {subprocess.py:75} INFO - Running command: ['/usr/bin/bash', '-c', 'echo "DS : 2025-10-27 dan next ds : 2025-10-27"']
[2025-10-27T15:51:07.710+0000] {subprocess.py:86} INFO - Output:
[2025-10-27T15:51:07.712+0000] {subprocess.py:93} INFO - DS : 2025-10-27 dan next ds : 2025-10-27
[2025-10-27T15:51:07.712+0000] {subprocess.py:97} INFO - Command exited with return code 0
[2025-10-27T15:51:07.714+0000] {taskinstance.py:441} INFO - ::group::Post task execution logs
[2025-10-27T15:51:07.739+0000] {taskinstance.py:1206} INFO - Marking task as SUCCESS. dag_id=print_ds_next_ds, task_id=print_ds_next_ds, run_id=manual__2025-10-27T15:51:05.532314+00:00, execution_date=20251027T155105, start_date=20251027T155107, end_date=20251027T155107
[2025-10-27T15:51:07.764+0000] {local_task_job_runner.py:243} INFO - Task exited with return code 0
[2025-10-27T15:51:07.778+0000] {taskinstance.py:3503} INFO - 0 downstream tasks scheduled from follow-on schedule check
[2025-10-27T15:51:07.779+0000] {local_task_job_runner.py:222} INFO - ::endgroup::
