[2025-10-27T15:51:07.328+0000] {local_task_job_runner.py:120} INFO - ::group::Pre task execution logs
[2025-10-27T15:51:07.349+0000] {taskinstance.py:2076} INFO - Dependencies all met for dep_context=non-requeueable deps ti=<TaskInstance: print_ds_next_ds.print_ds_next_ds scheduled__2025-10-26T08:00:00+00:00 [queued]>
[2025-10-27T15:51:07.354+0000] {taskinstance.py:2076} INFO - Dependencies all met for dep_context=requeueable deps ti=<TaskInstance: print_ds_next_ds.print_ds_next_ds scheduled__2025-10-26T08:00:00+00:00 [queued]>
[2025-10-27T15:51:07.354+0000] {taskinstance.py:2306} INFO - Starting attempt 1 of 2
[2025-10-27T15:51:07.366+0000] {taskinstance.py:2330} INFO - Executing <Task(BashOperator): print_ds_next_ds> on 2025-10-26 08:00:00+00:00
[2025-10-27T15:51:07.376+0000] {warnings.py:112} WARNING - /home/***/.local/lib/python3.12/site-packages/***/task/task_runner/standard_task_runner.py:62: DeprecationWarning: This process (pid=868) is multi-threaded, use of fork() may lead to deadlocks in the child.
  pid = os.fork()

[2025-10-27T15:51:07.377+0000] {standard_task_runner.py:64} INFO - Started process 871 to run task
[2025-10-27T15:51:07.377+0000] {standard_task_runner.py:90} INFO - Running: ['***', 'tasks', 'run', 'print_ds_next_ds', 'print_ds_next_ds', 'scheduled__2025-10-26T08:00:00+00:00', '--job-id', '75', '--raw', '--subdir', 'DAGS_FOLDER/tes.py', '--cfg-path', '/tmp/tmpdt4vohm5']
[2025-10-27T15:51:07.379+0000] {standard_task_runner.py:91} INFO - Job 75: Subtask print_ds_next_ds
[2025-10-27T15:51:07.421+0000] {task_command.py:426} INFO - Running <TaskInstance: print_ds_next_ds.print_ds_next_ds scheduled__2025-10-26T08:00:00+00:00 [running]> on host a0076f556b70
[2025-10-27T15:51:07.462+0000] {warnings.py:112} WARNING - /home/***/.local/lib/python3.12/site-packages/***/utils/context.py:212: AirflowContextDeprecationWarning: Accessing 'next_ds' from the template is deprecated and will be removed in a future version. Please use '{{ data_interval_end | ds }}' instead.
  warnings.warn(_create_deprecation_warning(key, self._deprecation_replacements[key]))

[2025-10-27T15:51:07.490+0000] {taskinstance.py:2648} INFO - Exporting env vars: AIRFLOW_CTX_DAG_OWNER='***' AIRFLOW_CTX_DAG_ID='print_ds_next_ds' AIRFLOW_CTX_TASK_ID='print_ds_next_ds' AIRFLOW_CTX_EXECUTION_DATE='2025-10-26T08:00:00+00:00' AIRFLOW_CTX_TRY_NUMBER='1' AIRFLOW_CTX_DAG_RUN_ID='scheduled__2025-10-26T08:00:00+00:00'
[2025-10-27T15:51:07.492+0000] {taskinstance.py:430} INFO - ::endgroup::
[2025-10-27T15:51:07.493+0000] {subprocess.py:63} INFO - Tmp dir root location: /tmp
[2025-10-27T15:51:07.494+0000] {subprocess.py:75} INFO - Running command: ['/usr/bin/bash', '-c', 'echo "DS : 2025-10-26 dan next ds : 2025-10-27"']
[2025-10-27T15:51:07.506+0000] {subprocess.py:86} INFO - Output:
[2025-10-27T15:51:07.508+0000] {subprocess.py:93} INFO - DS : 2025-10-26 dan next ds : 2025-10-27
[2025-10-27T15:51:07.509+0000] {subprocess.py:97} INFO - Command exited with return code 0
[2025-10-27T15:51:07.509+0000] {taskinstance.py:441} INFO - ::group::Post task execution logs
[2025-10-27T15:51:07.533+0000] {taskinstance.py:1206} INFO - Marking task as SUCCESS. dag_id=print_ds_next_ds, task_id=print_ds_next_ds, run_id=scheduled__2025-10-26T08:00:00+00:00, execution_date=20251026T080000, start_date=20251027T155107, end_date=20251027T155107
[2025-10-27T15:51:07.557+0000] {local_task_job_runner.py:243} INFO - Task exited with return code 0
[2025-10-27T15:51:07.572+0000] {taskinstance.py:3503} INFO - 0 downstream tasks scheduled from follow-on schedule check
[2025-10-27T15:51:07.573+0000] {local_task_job_runner.py:222} INFO - ::endgroup::
